sample.interval=20000
"system.time" "print" "findBestCircles" 
"system.time" "print" "findBestCircles" 
"system.time" "print" "findBestCircles" 
"system.time" "print" "findBestCircles" 
"system.time" "print" "findBestCircles" 
"system.time" "print" "findBestCircles" 
"system.time" "print" "findBestCircles" 
"hough_circle" "system.time" "print" "findBestCircles" 
"hough_circle" "system.time" "print" "findBestCircles" 
"hough_circle" "system.time" "print" "findBestCircles" 
"hough_circle" "system.time" "print" "findBestCircles" 
"hough_circle" "system.time" "print" "findBestCircles" 
"hough_circle" "system.time" "print" "findBestCircles" 
"hough_circle" "system.time" "print" "findBestCircles" 
"hough_circle" "system.time" "print" "findBestCircles" 
"hough_circle" "system.time" "print" "findBestCircles" 
"hough_circle" "system.time" "print" "findBestCircles" 
"<Anonymous>" "expand.grid" "pixel.grid" "as.data.frame.cimg" "as.data.frame" "system.time" "print" "findBestCircles" 
"doTryCatch" "tryCatchOne" "tryCatchList" "tryCatch" "<Anonymous>" "expand.grid" "pixel.grid" "as.data.frame.cimg" "as.data.frame" "system.time" "print" "findBestCircles" 
"doTryCatch" "tryCatchOne" "tryCatchList" "tryCatch" "<Anonymous>" "expand.grid" "pixel.grid" "as.data.frame.cimg" "as.data.frame" "system.time" "print" "findBestCircles" 
"expand.grid" "pixel.grid" "as.data.frame.cimg" "as.data.frame" "system.time" "print" "findBestCircles" 
"as.data.frame.cimg" "as.data.frame" "system.time" "print" "findBestCircles" 
"system.time" "print" "findBestCircles" 
"system.time" "print" "findBestCircles" 
"system.time" "print" "findBestCircles" 
"system.time" "print" "findBestCircles" 
"system.time" "print" "findBestCircles" 
"system.time" "print" "findBestCircles" 
"hough_circle" "system.time" "print" "findBestCircles" 
"hough_circle" "system.time" "print" "findBestCircles" 
"hough_circle" "system.time" "print" "findBestCircles" 
"hough_circle" "system.time" "print" "findBestCircles" 
"hough_circle" "system.time" "print" "findBestCircles" 
"hough_circle" "system.time" "print" "findBestCircles" 
"hough_circle" "system.time" "print" "findBestCircles" 
"hough_circle" "system.time" "print" "findBestCircles" 
"hough_circle" "system.time" "print" "findBestCircles" 
"hough_circle" "system.time" "print" "findBestCircles" 
"hough_circle" "system.time" "print" "findBestCircles" 
"hough_circle" "system.time" "print" "findBestCircles" 
"format.default" "format" "paste0" "expand.grid" "pixel.grid" "as.data.frame.cimg" "as.data.frame" "system.time" "print" "findBestCircles" 
"system.time" "print" "findBestCircles" 
"system.time" "print" "findBestCircles" 
"system.time" "print" "findBestCircles" 
"system.time" "print" "findBestCircles" 
"system.time" "print" "findBestCircles" 
"system.time" "print" "findBestCircles" 
"hough_circle" "system.time" "print" "findBestCircles" 
"hough_circle" "system.time" "print" "findBestCircles" 
"hough_circle" "system.time" "print" "findBestCircles" 
"hough_circle" "system.time" "print" "findBestCircles" 
"hough_circle" "system.time" "print" "findBestCircles" 
"hough_circle" "system.time" "print" "findBestCircles" 
"hough_circle" "system.time" "print" "findBestCircles" 
"hough_circle" "system.time" "print" "findBestCircles" 
"hough_circle" "system.time" "print" "findBestCircles" 
"hough_circle" "system.time" "print" "findBestCircles" 
"hough_circle" "system.time" "print" "findBestCircles" 
"hough_circle" "system.time" "print" "findBestCircles" 
"hough_circle" "system.time" "print" "findBestCircles" 
"hough_circle" "system.time" "print" "findBestCircles" 
"pixel.grid" "as.data.frame.cimg" "as.data.frame" "system.time" "print" "findBestCircles" 
"system.time" "print" "findBestCircles" 
"system.time" "print" "findBestCircles" 
"system.time" "print" "findBestCircles" 
"system.time" "print" "findBestCircles" 
"system.time" "print" "findBestCircles" 
"hough_circle" "system.time" "print" "findBestCircles" 
"hough_circle" "system.time" "print" "findBestCircles" 
"hough_circle" "system.time" "print" "findBestCircles" 
"hough_circle" "system.time" "print" "findBestCircles" 
"hough_circle" "system.time" "print" "findBestCircles" 
"hough_circle" "system.time" "print" "findBestCircles" 
"hough_circle" "system.time" "print" "findBestCircles" 
"hough_circle" "system.time" "print" "findBestCircles" 
"hough_circle" "system.time" "print" "findBestCircles" 
"hough_circle" "system.time" "print" "findBestCircles" 
"hough_circle" "system.time" "print" "findBestCircles" 
"hough_circle" "system.time" "print" "findBestCircles" 
"hough_circle" "system.time" "print" "findBestCircles" 
"hough_circle" "system.time" "print" "findBestCircles" 
"hough_circle" "system.time" "print" "findBestCircles" 
"hough_circle" "system.time" "print" "findBestCircles" 
"format.default" "format" "paste0" "expand.grid" "pixel.grid" "as.data.frame.cimg" "as.data.frame" "system.time" "print" "findBestCircles" 
"system.time" "print" "findBestCircles" 
"system.time" "print" "findBestCircles" 
"system.time" "print" "findBestCircles" 
"system.time" "print" "findBestCircles" 
"system.time" "print" "findBestCircles" 
"system.time" "print" "findBestCircles" 
"hough_circle" "system.time" "print" "findBestCircles" 
"hough_circle" "system.time" "print" "findBestCircles" 
"hough_circle" "system.time" "print" "findBestCircles" 
"hough_circle" "system.time" "print" "findBestCircles" 
"hough_circle" "system.time" "print" "findBestCircles" 
"hough_circle" "system.time" "print" "findBestCircles" 
"hough_circle" "system.time" "print" "findBestCircles" 
"hough_circle" "system.time" "print" "findBestCircles" 
"hough_circle" "system.time" "print" "findBestCircles" 
"hough_circle" "system.time" "print" "findBestCircles" 
"hough_circle" "system.time" "print" "findBestCircles" 
"hough_circle" "system.time" "print" "findBestCircles" 
"hough_circle" "system.time" "print" "findBestCircles" 
"hough_circle" "system.time" "print" "findBestCircles" 
"hough_circle" "system.time" "print" "findBestCircles" 
"hough_circle" "system.time" "print" "findBestCircles" 
"hough_circle" "system.time" "print" "findBestCircles" 
"hough_circle" "system.time" "print" "findBestCircles" 
"pixel.grid" "as.data.frame.cimg" "as.data.frame" "system.time" "print" "findBestCircles" 
"system.time" "print" "findBestCircles" 
"system.time" "print" "findBestCircles" 
"system.time" "print" "findBestCircles" 
"system.time" "print" "findBestCircles" 
"system.time" "print" "findBestCircles" 
"hough_circle" "system.time" "print" "findBestCircles" 
"hough_circle" "system.time" "print" "findBestCircles" 
"hough_circle" "system.time" "print" "findBestCircles" 
"hough_circle" "system.time" "print" "findBestCircles" 
"hough_circle" "system.time" "print" "findBestCircles" 
"hough_circle" "system.time" "print" "findBestCircles" 
"hough_circle" "system.time" "print" "findBestCircles" 
"hough_circle" "system.time" "print" "findBestCircles" 
"hough_circle" "system.time" "print" "findBestCircles" 
"hough_circle" "system.time" "print" "findBestCircles" 
"hough_circle" "system.time" "print" "findBestCircles" 
"hough_circle" "system.time" "print" "findBestCircles" 
"hough_circle" "system.time" "print" "findBestCircles" 
"hough_circle" "system.time" "print" "findBestCircles" 
"hough_circle" "system.time" "print" "findBestCircles" 
"hough_circle" "system.time" "print" "findBestCircles" 
"hough_circle" "system.time" "print" "findBestCircles" 
"hough_circle" "system.time" "print" "findBestCircles" 
"hough_circle" "system.time" "print" "findBestCircles" 
"hough_circle" "system.time" "print" "findBestCircles" 
"system.time" "print" "findBestCircles" 
"system.time" "print" "findBestCircles" 
"system.time" "print" "findBestCircles" 
"system.time" "print" "findBestCircles" 
"system.time" "print" "findBestCircles" 
"system.time" "print" "findBestCircles" 
"hough_circle" "system.time" "print" "findBestCircles" 
"hough_circle" "system.time" "print" "findBestCircles" 
"hough_circle" "system.time" "print" "findBestCircles" 
"hough_circle" "system.time" "print" "findBestCircles" 
"hough_circle" "system.time" "print" "findBestCircles" 
"hough_circle" "system.time" "print" "findBestCircles" 
"hough_circle" "system.time" "print" "findBestCircles" 
"hough_circle" "system.time" "print" "findBestCircles" 
"hough_circle" "system.time" "print" "findBestCircles" 
"hough_circle" "system.time" "print" "findBestCircles" 
"hough_circle" "system.time" "print" "findBestCircles" 
"hough_circle" "system.time" "print" "findBestCircles" 
"hough_circle" "system.time" "print" "findBestCircles" 
"hough_circle" "system.time" "print" "findBestCircles" 
"hough_circle" "system.time" "print" "findBestCircles" 
"hough_circle" "system.time" "print" "findBestCircles" 
"hough_circle" "system.time" "print" "findBestCircles" 
"hough_circle" "system.time" "print" "findBestCircles" 
"hough_circle" "system.time" "print" "findBestCircles" 
"hough_circle" "system.time" "print" "findBestCircles" 
"hough_circle" "system.time" "print" "findBestCircles" 
"hough_circle" "system.time" "print" "findBestCircles" 
"length" "dplyr_col_select" "mutate.data.frame" "mutate" "transmute.data.frame" "transmute" "doTryCatch" "tryCatchOne" "tryCatchList" "tryCatch" "arrange_rows" "arrange.data.frame" "dplyr::arrange" "function_list[[k]]" "withVisible" "freduce" "_fseq" "eval" "eval" "withVisible" "%>%" "system.time" "print" "findBestCircles" 
"system.time" "print" "findBestCircles" 
"system.time" "print" "findBestCircles" 
"system.time" "print" "findBestCircles" 
"system.time" "print" "findBestCircles" 
"system.time" "print" "findBestCircles" 
"hough_circle" "system.time" "print" "findBestCircles" 
"hough_circle" "system.time" "print" "findBestCircles" 
"hough_circle" "system.time" "print" "findBestCircles" 
"hough_circle" "system.time" "print" "findBestCircles" 
"hough_circle" "system.time" "print" "findBestCircles" 
"hough_circle" "system.time" "print" "findBestCircles" 
"hough_circle" "system.time" "print" "findBestCircles" 
"hough_circle" "system.time" "print" "findBestCircles" 
"hough_circle" "system.time" "print" "findBestCircles" 
"hough_circle" "system.time" "print" "findBestCircles" 
"hough_circle" "system.time" "print" "findBestCircles" 
"hough_circle" "system.time" "print" "findBestCircles" 
"hough_circle" "system.time" "print" "findBestCircles" 
"hough_circle" "system.time" "print" "findBestCircles" 
"hough_circle" "system.time" "print" "findBestCircles" 
"hough_circle" "system.time" "print" "findBestCircles" 
"hough_circle" "system.time" "print" "findBestCircles" 
"hough_circle" "system.time" "print" "findBestCircles" 
"hough_circle" "system.time" "print" "findBestCircles" 
"hough_circle" "system.time" "print" "findBestCircles" 
"hough_circle" "system.time" "print" "findBestCircles" 
"hough_circle" "system.time" "print" "findBestCircles" 
"hough_circle" "system.time" "print" "findBestCircles" 
"hough_circle" "system.time" "print" "findBestCircles" 
"system.time" "print" "findBestCircles" 
"system.time" "print" "findBestCircles" 
"system.time" "print" "findBestCircles" 
"system.time" "print" "findBestCircles" 
"system.time" "print" "findBestCircles" 
"system.time" "print" "findBestCircles" 
"hough_circle" "system.time" "print" "findBestCircles" 
"hough_circle" "system.time" "print" "findBestCircles" 
"hough_circle" "system.time" "print" "findBestCircles" 
"hough_circle" "system.time" "print" "findBestCircles" 
"hough_circle" "system.time" "print" "findBestCircles" 
"hough_circle" "system.time" "print" "findBestCircles" 
"hough_circle" "system.time" "print" "findBestCircles" 
"hough_circle" "system.time" "print" "findBestCircles" 
"hough_circle" "system.time" "print" "findBestCircles" 
"hough_circle" "system.time" "print" "findBestCircles" 
"hough_circle" "system.time" "print" "findBestCircles" 
"hough_circle" "system.time" "print" "findBestCircles" 
"hough_circle" "system.time" "print" "findBestCircles" 
"hough_circle" "system.time" "print" "findBestCircles" 
"hough_circle" "system.time" "print" "findBestCircles" 
"hough_circle" "system.time" "print" "findBestCircles" 
"hough_circle" "system.time" "print" "findBestCircles" 
"hough_circle" "system.time" "print" "findBestCircles" 
"hough_circle" "system.time" "print" "findBestCircles" 
"hough_circle" "system.time" "print" "findBestCircles" 
"hough_circle" "system.time" "print" "findBestCircles" 
"hough_circle" "system.time" "print" "findBestCircles" 
"hough_circle" "system.time" "print" "findBestCircles" 
"hough_circle" "system.time" "print" "findBestCircles" 
"hough_circle" "system.time" "print" "findBestCircles" 
"pixel.grid" "as.data.frame.cimg" "as.data.frame" "system.time" "print" "findBestCircles" 
"system.time" "print" "findBestCircles" 
"system.time" "print" "findBestCircles" 
"system.time" "print" "findBestCircles" 
"system.time" "print" "findBestCircles" 
"system.time" "print" "findBestCircles" 
"hough_circle" "system.time" "print" "findBestCircles" 
"hough_circle" "system.time" "print" "findBestCircles" 
"hough_circle" "system.time" "print" "findBestCircles" 
"hough_circle" "system.time" "print" "findBestCircles" 
"hough_circle" "system.time" "print" "findBestCircles" 
"hough_circle" "system.time" "print" "findBestCircles" 
"hough_circle" "system.time" "print" "findBestCircles" 
"hough_circle" "system.time" "print" "findBestCircles" 
"hough_circle" "system.time" "print" "findBestCircles" 
"hough_circle" "system.time" "print" "findBestCircles" 
"hough_circle" "system.time" "print" "findBestCircles" 
"hough_circle" "system.time" "print" "findBestCircles" 
"hough_circle" "system.time" "print" "findBestCircles" 
"hough_circle" "system.time" "print" "findBestCircles" 
"hough_circle" "system.time" "print" "findBestCircles" 
"hough_circle" "system.time" "print" "findBestCircles" 
"hough_circle" "system.time" "print" "findBestCircles" 
"hough_circle" "system.time" "print" "findBestCircles" 
"hough_circle" "system.time" "print" "findBestCircles" 
"hough_circle" "system.time" "print" "findBestCircles" 
"hough_circle" "system.time" "print" "findBestCircles" 
"hough_circle" "system.time" "print" "findBestCircles" 
"hough_circle" "system.time" "print" "findBestCircles" 
"hough_circle" "system.time" "print" "findBestCircles" 
"hough_circle" "system.time" "print" "findBestCircles" 
"hough_circle" "system.time" "print" "findBestCircles" 
"hough_circle" "system.time" "print" "findBestCircles" 
"hough_circle" "system.time" "print" "findBestCircles" 
"system.time" "print" "findBestCircles" 
"system.time" "print" "findBestCircles" 
"system.time" "print" "findBestCircles" 
"system.time" "print" "findBestCircles" 
"system.time" "print" "findBestCircles" 
"hough_circle" "system.time" "print" "findBestCircles" 
"hough_circle" "system.time" "print" "findBestCircles" 
"hough_circle" "system.time" "print" "findBestCircles" 
"hough_circle" "system.time" "print" "findBestCircles" 
"hough_circle" "system.time" "print" "findBestCircles" 
"hough_circle" "system.time" "print" "findBestCircles" 
"hough_circle" "system.time" "print" "findBestCircles" 
"hough_circle" "system.time" "print" "findBestCircles" 
"hough_circle" "system.time" "print" "findBestCircles" 
"hough_circle" "system.time" "print" "findBestCircles" 
"hough_circle" "system.time" "print" "findBestCircles" 
"hough_circle" "system.time" "print" "findBestCircles" 
"hough_circle" "system.time" "print" "findBestCircles" 
"hough_circle" "system.time" "print" "findBestCircles" 
"hough_circle" "system.time" "print" "findBestCircles" 
"hough_circle" "system.time" "print" "findBestCircles" 
"hough_circle" "system.time" "print" "findBestCircles" 
"hough_circle" "system.time" "print" "findBestCircles" 
"hough_circle" "system.time" "print" "findBestCircles" 
"hough_circle" "system.time" "print" "findBestCircles" 
"hough_circle" "system.time" "print" "findBestCircles" 
"hough_circle" "system.time" "print" "findBestCircles" 
"hough_circle" "system.time" "print" "findBestCircles" 
"hough_circle" "system.time" "print" "findBestCircles" 
"hough_circle" "system.time" "print" "findBestCircles" 
"hough_circle" "system.time" "print" "findBestCircles" 
"hough_circle" "system.time" "print" "findBestCircles" 
"hough_circle" "system.time" "print" "findBestCircles" 
"hough_circle" "system.time" "print" "findBestCircles" 
"[.data.frame" "[" "eval" "eval" "%>%" "system.time" "print" "findBestCircles" 
