sample.interval=20000
"lapply" "FUN" "lapply" "findLocalsList1" "findLocalsList" "funEnv" "make.functionContext" "cmpfun" "doTryCatch" "tryCatchOne" "tryCatchList" "tryCatch" "compiler:::tryCmpfun" "permutePoints" "executePermute" 
"cmpCallSymFun" "cmpCall" "cmp" "cmpComplexAssign" "h" "tryInline" "cmpCall" "cmp" "h" "tryInline" "cmpCall" "cmp" "h" "tryInline" "cmpCall" "cmp" "h" "tryInline" "cmpCall" "cmp" "cmpForBody" "h" "tryInline" "cmpCall" "cmp" "h" "tryInline" "cmpCall" "cmp" "h" "tryInline" "cmpCall" "cmp" "h" "tryInline" "cmpCall" "cmp" "genCode" "cmpfun" "doTryCatch" "tryCatchOne" "tryCatchList" "tryCatch" "compiler:::tryCmpfun" "permutePoints" "executePermute" 
"permutePoints" "permutePoints" "permutePoints" "permutePoints" "permutePoints" "permutePoints" "permutePoints" "executePermute" 
"[" "permutePoints" "permutePoints" "permutePoints" "permutePoints" "permutePoints" "permutePoints" "permutePoints" "permutePoints" "permutePoints" "permutePoints" "permutePoints" "executePermute" 
"permutePoints" "permutePoints" "permutePoints" "permutePoints" "permutePoints" "permutePoints" "permutePoints" "permutePoints" "permutePoints" "permutePoints" "permutePoints" "permutePoints" "permutePoints" "permutePoints" "permutePoints" "permutePoints" "executePermute" 
"permutePoints" "permutePoints" "permutePoints" "permutePoints" "permutePoints" "permutePoints" "permutePoints" "permutePoints" "permutePoints" "permutePoints" "permutePoints" "permutePoints" "permutePoints" "permutePoints" "permutePoints" "permutePoints" "executePermute" 
"permutePoints" "permutePoints" "permutePoints" "permutePoints" "permutePoints" "permutePoints" "permutePoints" "permutePoints" "permutePoints" "permutePoints" "permutePoints" "permutePoints" "permutePoints" "permutePoints" "permutePoints" "permutePoints" "executePermute" 
"permutePoints" "permutePoints" "permutePoints" "permutePoints" "permutePoints" "permutePoints" "permutePoints" "permutePoints" "permutePoints" "permutePoints" "permutePoints" "permutePoints" "permutePoints" "permutePoints" "permutePoints" "permutePoints" "executePermute" 
"permutePoints" "permutePoints" "permutePoints" "permutePoints" "permutePoints" "permutePoints" "permutePoints" "permutePoints" "permutePoints" "permutePoints" "permutePoints" "permutePoints" "permutePoints" "permutePoints" "permutePoints" "permutePoints" "executePermute" 
"permutePoints" "permutePoints" "permutePoints" "permutePoints" "permutePoints" "permutePoints" "permutePoints" "permutePoints" "permutePoints" "permutePoints" "permutePoints" "permutePoints" "permutePoints" "permutePoints" "permutePoints" "permutePoints" "executePermute" 
"permutePoints" "permutePoints" "permutePoints" "permutePoints" "permutePoints" "permutePoints" "permutePoints" "permutePoints" "permutePoints" "permutePoints" "permutePoints" "permutePoints" "permutePoints" "permutePoints" "permutePoints" "permutePoints" "executePermute" 
"permutePoints" "permutePoints" "permutePoints" "permutePoints" "permutePoints" "permutePoints" "permutePoints" "permutePoints" "permutePoints" "permutePoints" "permutePoints" "permutePoints" "permutePoints" "permutePoints" "permutePoints" "permutePoints" "executePermute" 
"permutePoints" "permutePoints" "permutePoints" "permutePoints" "permutePoints" "permutePoints" "permutePoints" "permutePoints" "permutePoints" "permutePoints" "permutePoints" "permutePoints" "permutePoints" "permutePoints" "permutePoints" "permutePoints" "executePermute" 
"permutePoints" "permutePoints" "permutePoints" "permutePoints" "permutePoints" "permutePoints" "permutePoints" "permutePoints" "permutePoints" "permutePoints" "permutePoints" "permutePoints" "permutePoints" "permutePoints" "permutePoints" "permutePoints" "executePermute" 
"permutePoints" "permutePoints" "permutePoints" "permutePoints" "permutePoints" "permutePoints" "permutePoints" "permutePoints" "permutePoints" "permutePoints" "permutePoints" "permutePoints" "permutePoints" "permutePoints" "permutePoints" "permutePoints" "executePermute" 
"permutePoints" "permutePoints" "permutePoints" "permutePoints" "permutePoints" "permutePoints" "permutePoints" "permutePoints" "permutePoints" "permutePoints" "permutePoints" "permutePoints" "permutePoints" "permutePoints" "permutePoints" "permutePoints" "executePermute" 
"permutePoints" "permutePoints" "permutePoints" "permutePoints" "permutePoints" "permutePoints" "permutePoints" "permutePoints" "permutePoints" "permutePoints" "permutePoints" "permutePoints" "permutePoints" "permutePoints" "permutePoints" "permutePoints" "executePermute" 
"permutePoints" "permutePoints" "permutePoints" "permutePoints" "permutePoints" "permutePoints" "permutePoints" "permutePoints" "permutePoints" "permutePoints" "permutePoints" "permutePoints" "permutePoints" "permutePoints" "permutePoints" "permutePoints" "executePermute" 
"<Anonymous>" "permutePoints" "permutePoints" "permutePoints" "permutePoints" "permutePoints" "permutePoints" "permutePoints" "permutePoints" "permutePoints" "permutePoints" "permutePoints" "permutePoints" "permutePoints" "permutePoints" "permutePoints" "permutePoints" "permutePoints" "executePermute" 
"<Anonymous>" "permutePoints" "permutePoints" "permutePoints" "permutePoints" "permutePoints" "permutePoints" "permutePoints" "permutePoints" "permutePoints" "permutePoints" "permutePoints" "permutePoints" "permutePoints" "permutePoints" "permutePoints" "permutePoints" "permutePoints" "executePermute" 
"<Anonymous>" "permutePoints" "permutePoints" "permutePoints" "permutePoints" "permutePoints" "permutePoints" "permutePoints" "permutePoints" "permutePoints" "permutePoints" "permutePoints" "permutePoints" "permutePoints" "permutePoints" "permutePoints" "permutePoints" "permutePoints" "executePermute" 
"<Anonymous>" "permutePoints" "permutePoints" "permutePoints" "permutePoints" "permutePoints" "permutePoints" "permutePoints" "permutePoints" "permutePoints" "permutePoints" "permutePoints" "permutePoints" "permutePoints" "permutePoints" "permutePoints" "permutePoints" "permutePoints" "executePermute" 
"<Anonymous>" "permutePoints" "permutePoints" "permutePoints" "permutePoints" "permutePoints" "permutePoints" "permutePoints" "permutePoints" "permutePoints" "permutePoints" "permutePoints" "permutePoints" "permutePoints" "permutePoints" "permutePoints" "permutePoints" "permutePoints" "executePermute" 
"<Anonymous>" "permutePoints" "permutePoints" "permutePoints" "permutePoints" "permutePoints" "permutePoints" "permutePoints" "permutePoints" "permutePoints" "permutePoints" "permutePoints" "permutePoints" "permutePoints" "permutePoints" "permutePoints" "permutePoints" "permutePoints" "executePermute" 
"<Anonymous>" "permutePoints" "permutePoints" "permutePoints" "permutePoints" "permutePoints" "permutePoints" "permutePoints" "permutePoints" "permutePoints" "permutePoints" "permutePoints" "permutePoints" "permutePoints" "permutePoints" "permutePoints" "permutePoints" "permutePoints" "executePermute" 
