sample.interval=20000
"hough_circle" "findBestCircles" 
"hough_circle" "findBestCircles" 
"hough_circle" "findBestCircles" 
"hough_circle" "findBestCircles" 
"hough_circle" "findBestCircles" 
"hough_circle" "findBestCircles" 
"hough_circle" "findBestCircles" 
"hough_circle" "findBestCircles" 
"hough_circle" "findBestCircles" 
"hough_circle" "findBestCircles" 
"hough_circle" "findBestCircles" 
"hough_circle" "findBestCircles" 
"hough_circle" "findBestCircles" 
"hough_circle" "findBestCircles" 
"hough_circle" "findBestCircles" 
"hough_circle" "findBestCircles" 
"hough_circle" "findBestCircles" 
"hough_circle" "findBestCircles" 
"hough_circle" "findBestCircles" 
"pixel.grid" "as.data.frame.cimg" "as.data.frame" "findBestCircles" 
"[.data.frame" "[" "eval" "eval" "%>%" "findBestCircles" 
"anyDuplicated" "[.data.frame" "[" "eval" "eval" "%>%" "findBestCircles" 
".External2" "exec" "arrange_rows" "arrange.data.frame" "dplyr::arrange" "function_list[[k]]" "withVisible" "freduce" "_fseq" "eval" "eval" "withVisible" "%>%" "findBestCircles" 
".External2" "exec" "arrange_rows" "arrange.data.frame" "dplyr::arrange" "function_list[[k]]" "withVisible" "freduce" "_fseq" "eval" "eval" "withVisible" "%>%" "findBestCircles" 
"hough_circle" "findBestCircles" 
"hough_circle" "findBestCircles" 
"hough_circle" "findBestCircles" 
"hough_circle" "findBestCircles" 
"hough_circle" "findBestCircles" 
"hough_circle" "findBestCircles" 
"hough_circle" "findBestCircles" 
"hough_circle" "findBestCircles" 
"hough_circle" "findBestCircles" 
"hough_circle" "findBestCircles" 
"hough_circle" "findBestCircles" 
"hough_circle" "findBestCircles" 
"hough_circle" "findBestCircles" 
"hough_circle" "findBestCircles" 
"hough_circle" "findBestCircles" 
"hough_circle" "findBestCircles" 
"hough_circle" "findBestCircles" 
"hough_circle" "findBestCircles" 
"hough_circle" "findBestCircles" 
"hough_circle" "findBestCircles" 
"hough_circle" "findBestCircles" 
"hough_circle" "findBestCircles" 
"pixel.grid" "as.data.frame.cimg" "as.data.frame" "findBestCircles" 
"as.data.frame.cimg" "as.data.frame" "findBestCircles" 
"[.data.frame" "[" "eval" "eval" "%>%" "findBestCircles" 
"[" "eval" "eval" "%>%" "findBestCircles" 
".External2" "exec" "arrange_rows" "arrange.data.frame" "dplyr::arrange" "function_list[[k]]" "withVisible" "freduce" "_fseq" "eval" "eval" "withVisible" "%>%" "findBestCircles" 
".External2" "exec" "arrange_rows" "arrange.data.frame" "dplyr::arrange" "function_list[[k]]" "withVisible" "freduce" "_fseq" "eval" "eval" "withVisible" "%>%" "findBestCircles" 
"hough_circle" "findBestCircles" 
"hough_circle" "findBestCircles" 
"hough_circle" "findBestCircles" 
"hough_circle" "findBestCircles" 
"hough_circle" "findBestCircles" 
"hough_circle" "findBestCircles" 
"hough_circle" "findBestCircles" 
"hough_circle" "findBestCircles" 
"hough_circle" "findBestCircles" 
"hough_circle" "findBestCircles" 
"hough_circle" "findBestCircles" 
"hough_circle" "findBestCircles" 
"hough_circle" "findBestCircles" 
"hough_circle" "findBestCircles" 
"hough_circle" "findBestCircles" 
"hough_circle" "findBestCircles" 
"hough_circle" "findBestCircles" 
"hough_circle" "findBestCircles" 
"hough_circle" "findBestCircles" 
"hough_circle" "findBestCircles" 
"hough_circle" "findBestCircles" 
"hough_circle" "findBestCircles" 
"hough_circle" "findBestCircles" 
"hough_circle" "findBestCircles" 
"hough_circle" "findBestCircles" 
"pixel.grid" "as.data.frame.cimg" "as.data.frame" "findBestCircles" 
"[.data.frame" "[" "eval" "eval" "%>%" "findBestCircles" 
"[" "eval" "eval" "%>%" "findBestCircles" 
"anyDuplicated" "[.data.frame" "[" "eval" "eval" "%>%" "findBestCircles" 
".External2" "exec" "arrange_rows" "arrange.data.frame" "dplyr::arrange" "function_list[[k]]" "withVisible" "freduce" "_fseq" "eval" "eval" "withVisible" "%>%" "findBestCircles" 
"hough_circle" "findBestCircles" 
"hough_circle" "findBestCircles" 
"hough_circle" "findBestCircles" 
"hough_circle" "findBestCircles" 
"hough_circle" "findBestCircles" 
"hough_circle" "findBestCircles" 
"hough_circle" "findBestCircles" 
"hough_circle" "findBestCircles" 
"hough_circle" "findBestCircles" 
"hough_circle" "findBestCircles" 
"hough_circle" "findBestCircles" 
"hough_circle" "findBestCircles" 
"hough_circle" "findBestCircles" 
"hough_circle" "findBestCircles" 
"hough_circle" "findBestCircles" 
"hough_circle" "findBestCircles" 
"hough_circle" "findBestCircles" 
"hough_circle" "findBestCircles" 
"hough_circle" "findBestCircles" 
"hough_circle" "findBestCircles" 
"hough_circle" "findBestCircles" 
"hough_circle" "findBestCircles" 
"hough_circle" "findBestCircles" 
"hough_circle" "findBestCircles" 
"hough_circle" "findBestCircles" 
"hough_circle" "findBestCircles" 
"hough_circle" "findBestCircles" 
"hough_circle" "findBestCircles" 
"hough_circle" "findBestCircles" 
"pixel.grid" "as.data.frame.cimg" "as.data.frame" "findBestCircles" 
"[.data.frame" "[" "eval" "eval" "%>%" "findBestCircles" 
"anyDuplicated" "[.data.frame" "[" "eval" "eval" "%>%" "findBestCircles" 
"<Anonymous>" "mapply" "map2" "arrange_rows" "arrange.data.frame" "dplyr::arrange" "function_list[[k]]" "withVisible" "freduce" "_fseq" "eval" "eval" "withVisible" "%>%" "findBestCircles" 
".External2" "exec" "arrange_rows" "arrange.data.frame" "dplyr::arrange" "function_list[[k]]" "withVisible" "freduce" "_fseq" "eval" "eval" "withVisible" "%>%" "findBestCircles" 
"hough_circle" "findBestCircles" 
"hough_circle" "findBestCircles" 
"hough_circle" "findBestCircles" 
"hough_circle" "findBestCircles" 
"hough_circle" "findBestCircles" 
"hough_circle" "findBestCircles" 
"hough_circle" "findBestCircles" 
"hough_circle" "findBestCircles" 
"hough_circle" "findBestCircles" 
"hough_circle" "findBestCircles" 
"hough_circle" "findBestCircles" 
"hough_circle" "findBestCircles" 
"hough_circle" "findBestCircles" 
"hough_circle" "findBestCircles" 
"hough_circle" "findBestCircles" 
"hough_circle" "findBestCircles" 
"hough_circle" "findBestCircles" 
"hough_circle" "findBestCircles" 
"hough_circle" "findBestCircles" 
"hough_circle" "findBestCircles" 
"hough_circle" "findBestCircles" 
"hough_circle" "findBestCircles" 
"hough_circle" "findBestCircles" 
"hough_circle" "findBestCircles" 
"hough_circle" "findBestCircles" 
"hough_circle" "findBestCircles" 
"hough_circle" "findBestCircles" 
"hough_circle" "findBestCircles" 
"hough_circle" "findBestCircles" 
"hough_circle" "findBestCircles" 
"hough_circle" "findBestCircles" 
"hough_circle" "findBestCircles" 
"pixel.grid" "as.data.frame.cimg" "as.data.frame" "findBestCircles" 
"[.data.frame" "[" "eval" "eval" "%>%" "findBestCircles" 
"[" "eval" "eval" "%>%" "findBestCircles" 
"as.list" "endots" "enquos" "mutate_cols" "mutate.data.frame" "mutate" "transmute.data.frame" "transmute" "doTryCatch" "tryCatchOne" "tryCatchList" "tryCatch" "arrange_rows" "arrange.data.frame" "dplyr::arrange" "function_list[[k]]" "withVisible" "freduce" "_fseq" "eval" "eval" "withVisible" "%>%" "findBestCircles" 
".External2" "exec" "arrange_rows" "arrange.data.frame" "dplyr::arrange" "function_list[[k]]" "withVisible" "freduce" "_fseq" "eval" "eval" "withVisible" "%>%" "findBestCircles" 
"hough_circle" "findBestCircles" 
"hough_circle" "findBestCircles" 
"hough_circle" "findBestCircles" 
"hough_circle" "findBestCircles" 
"hough_circle" "findBestCircles" 
"hough_circle" "findBestCircles" 
"hough_circle" "findBestCircles" 
"hough_circle" "findBestCircles" 
"hough_circle" "findBestCircles" 
"hough_circle" "findBestCircles" 
"hough_circle" "findBestCircles" 
"hough_circle" "findBestCircles" 
"hough_circle" "findBestCircles" 
"hough_circle" "findBestCircles" 
"hough_circle" "findBestCircles" 
"hough_circle" "findBestCircles" 
"hough_circle" "findBestCircles" 
"hough_circle" "findBestCircles" 
"hough_circle" "findBestCircles" 
"hough_circle" "findBestCircles" 
"hough_circle" "findBestCircles" 
"hough_circle" "findBestCircles" 
"hough_circle" "findBestCircles" 
"hough_circle" "findBestCircles" 
"hough_circle" "findBestCircles" 
"hough_circle" "findBestCircles" 
"hough_circle" "findBestCircles" 
"hough_circle" "findBestCircles" 
"hough_circle" "findBestCircles" 
"hough_circle" "findBestCircles" 
"hough_circle" "findBestCircles" 
"hough_circle" "findBestCircles" 
"hough_circle" "findBestCircles" 
"hough_circle" "findBestCircles" 
"hough_circle" "findBestCircles" 
"hough_circle" "findBestCircles" 
"pixel.grid" "as.data.frame.cimg" "as.data.frame" "findBestCircles" 
"as.data.frame.cimg" "as.data.frame" "findBestCircles" 
"[.data.frame" "[" "eval" "eval" "%>%" "findBestCircles" 
"[" "eval" "eval" "%>%" "findBestCircles" 
".External2" "exec" "arrange_rows" "arrange.data.frame" "dplyr::arrange" "function_list[[k]]" "withVisible" "freduce" "_fseq" "eval" "eval" "withVisible" "%>%" "findBestCircles" 
".row_names_info" "%||%" "dplyr_new_data_frame" "dplyr_reconstruct" "dplyr_row_slice.data.frame" "dplyr_row_slice" "arrange.data.frame" "dplyr::arrange" "function_list[[k]]" "withVisible" "freduce" "_fseq" "eval" "eval" "withVisible" "%>%" "findBestCircles" 
"hough_circle" "findBestCircles" 
"hough_circle" "findBestCircles" 
"hough_circle" "findBestCircles" 
"hough_circle" "findBestCircles" 
"hough_circle" "findBestCircles" 
"hough_circle" "findBestCircles" 
"hough_circle" "findBestCircles" 
"hough_circle" "findBestCircles" 
"hough_circle" "findBestCircles" 
"hough_circle" "findBestCircles" 
"hough_circle" "findBestCircles" 
"hough_circle" "findBestCircles" 
"hough_circle" "findBestCircles" 
"hough_circle" "findBestCircles" 
"hough_circle" "findBestCircles" 
"hough_circle" "findBestCircles" 
"hough_circle" "findBestCircles" 
"hough_circle" "findBestCircles" 
"hough_circle" "findBestCircles" 
"hough_circle" "findBestCircles" 
"hough_circle" "findBestCircles" 
"hough_circle" "findBestCircles" 
"hough_circle" "findBestCircles" 
"hough_circle" "findBestCircles" 
"hough_circle" "findBestCircles" 
"hough_circle" "findBestCircles" 
"hough_circle" "findBestCircles" 
"hough_circle" "findBestCircles" 
"hough_circle" "findBestCircles" 
"hough_circle" "findBestCircles" 
"hough_circle" "findBestCircles" 
"hough_circle" "findBestCircles" 
"hough_circle" "findBestCircles" 
"hough_circle" "findBestCircles" 
"hough_circle" "findBestCircles" 
"hough_circle" "findBestCircles" 
"hough_circle" "findBestCircles" 
"hough_circle" "findBestCircles" 
"hough_circle" "findBestCircles" 
"pixel.grid" "as.data.frame.cimg" "as.data.frame" "findBestCircles" 
"[.data.frame" "[" "eval" "eval" "%>%" "findBestCircles" 
"[" "eval" "eval" "%>%" "findBestCircles" 
"<Anonymous>" "mapply" "map2" "arrange_rows" "arrange.data.frame" "dplyr::arrange" "function_list[[k]]" "withVisible" "freduce" "_fseq" "eval" "eval" "withVisible" "%>%" "findBestCircles" 
".External2" "exec" "arrange_rows" "arrange.data.frame" "dplyr::arrange" "function_list[[k]]" "withVisible" "freduce" "_fseq" "eval" "eval" "withVisible" "%>%" "findBestCircles" 
"hough_circle" "findBestCircles" 
"hough_circle" "findBestCircles" 
"hough_circle" "findBestCircles" 
"hough_circle" "findBestCircles" 
"hough_circle" "findBestCircles" 
"hough_circle" "findBestCircles" 
"hough_circle" "findBestCircles" 
"hough_circle" "findBestCircles" 
"hough_circle" "findBestCircles" 
"hough_circle" "findBestCircles" 
"hough_circle" "findBestCircles" 
"hough_circle" "findBestCircles" 
"hough_circle" "findBestCircles" 
"hough_circle" "findBestCircles" 
"hough_circle" "findBestCircles" 
"hough_circle" "findBestCircles" 
"hough_circle" "findBestCircles" 
"hough_circle" "findBestCircles" 
"hough_circle" "findBestCircles" 
"hough_circle" "findBestCircles" 
"hough_circle" "findBestCircles" 
"hough_circle" "findBestCircles" 
"hough_circle" "findBestCircles" 
"hough_circle" "findBestCircles" 
"hough_circle" "findBestCircles" 
"hough_circle" "findBestCircles" 
"hough_circle" "findBestCircles" 
"hough_circle" "findBestCircles" 
"hough_circle" "findBestCircles" 
"hough_circle" "findBestCircles" 
"hough_circle" "findBestCircles" 
"hough_circle" "findBestCircles" 
"hough_circle" "findBestCircles" 
"hough_circle" "findBestCircles" 
"hough_circle" "findBestCircles" 
"hough_circle" "findBestCircles" 
"hough_circle" "findBestCircles" 
"hough_circle" "findBestCircles" 
"hough_circle" "findBestCircles" 
"hough_circle" "findBestCircles" 
"hough_circle" "findBestCircles" 
"hough_circle" "findBestCircles" 
"hough_circle" "findBestCircles" 
"pixel.grid" "as.data.frame.cimg" "as.data.frame" "findBestCircles" 
"[.data.frame" "[" "eval" "eval" "%>%" "findBestCircles" 
"[" "eval" "eval" "%>%" "findBestCircles" 
".External2" "exec" "arrange_rows" "arrange.data.frame" "dplyr::arrange" "function_list[[k]]" "withVisible" "freduce" "_fseq" "eval" "eval" "withVisible" "%>%" "findBestCircles" 
"hough_circle" "findBestCircles" 
"hough_circle" "findBestCircles" 
"hough_circle" "findBestCircles" 
"hough_circle" "findBestCircles" 
"hough_circle" "findBestCircles" 
"hough_circle" "findBestCircles" 
"hough_circle" "findBestCircles" 
"hough_circle" "findBestCircles" 
"hough_circle" "findBestCircles" 
"hough_circle" "findBestCircles" 
"hough_circle" "findBestCircles" 
"hough_circle" "findBestCircles" 
"hough_circle" "findBestCircles" 
"hough_circle" "findBestCircles" 
"hough_circle" "findBestCircles" 
"hough_circle" "findBestCircles" 
"hough_circle" "findBestCircles" 
"hough_circle" "findBestCircles" 
"hough_circle" "findBestCircles" 
"hough_circle" "findBestCircles" 
"hough_circle" "findBestCircles" 
"hough_circle" "findBestCircles" 
"hough_circle" "findBestCircles" 
"hough_circle" "findBestCircles" 
"hough_circle" "findBestCircles" 
"hough_circle" "findBestCircles" 
"hough_circle" "findBestCircles" 
"hough_circle" "findBestCircles" 
"hough_circle" "findBestCircles" 
"hough_circle" "findBestCircles" 
"hough_circle" "findBestCircles" 
"hough_circle" "findBestCircles" 
"hough_circle" "findBestCircles" 
"hough_circle" "findBestCircles" 
"hough_circle" "findBestCircles" 
"hough_circle" "findBestCircles" 
"hough_circle" "findBestCircles" 
"hough_circle" "findBestCircles" 
"hough_circle" "findBestCircles" 
"hough_circle" "findBestCircles" 
"hough_circle" "findBestCircles" 
"hough_circle" "findBestCircles" 
"hough_circle" "findBestCircles" 
"hough_circle" "findBestCircles" 
"hough_circle" "findBestCircles" 
"hough_circle" "findBestCircles" 
"pixel.grid" "as.data.frame.cimg" "as.data.frame" "findBestCircles" 
"pixel.grid" "as.data.frame.cimg" "as.data.frame" "findBestCircles" 
"[.data.frame" "[" "eval" "eval" "%>%" "findBestCircles" 
"[" "eval" "eval" "%>%" "findBestCircles" 
".External2" "exec" "arrange_rows" "arrange.data.frame" "dplyr::arrange" "function_list[[k]]" "withVisible" "freduce" "_fseq" "eval" "eval" "withVisible" "%>%" "findBestCircles" 
"hough_circle" "findBestCircles" 
"hough_circle" "findBestCircles" 
"hough_circle" "findBestCircles" 
"hough_circle" "findBestCircles" 
"hough_circle" "findBestCircles" 
"hough_circle" "findBestCircles" 
"hough_circle" "findBestCircles" 
"hough_circle" "findBestCircles" 
"hough_circle" "findBestCircles" 
"hough_circle" "findBestCircles" 
"hough_circle" "findBestCircles" 
"hough_circle" "findBestCircles" 
"hough_circle" "findBestCircles" 
"hough_circle" "findBestCircles" 
"hough_circle" "findBestCircles" 
"hough_circle" "findBestCircles" 
"hough_circle" "findBestCircles" 
"hough_circle" "findBestCircles" 
"hough_circle" "findBestCircles" 
"hough_circle" "findBestCircles" 
"hough_circle" "findBestCircles" 
"hough_circle" "findBestCircles" 
"hough_circle" "findBestCircles" 
"hough_circle" "findBestCircles" 
"hough_circle" "findBestCircles" 
"hough_circle" "findBestCircles" 
"hough_circle" "findBestCircles" 
"hough_circle" "findBestCircles" 
"hough_circle" "findBestCircles" 
"hough_circle" "findBestCircles" 
"hough_circle" "findBestCircles" 
"hough_circle" "findBestCircles" 
"hough_circle" "findBestCircles" 
"hough_circle" "findBestCircles" 
"hough_circle" "findBestCircles" 
"hough_circle" "findBestCircles" 
"hough_circle" "findBestCircles" 
"hough_circle" "findBestCircles" 
"hough_circle" "findBestCircles" 
"hough_circle" "findBestCircles" 
"hough_circle" "findBestCircles" 
"hough_circle" "findBestCircles" 
"hough_circle" "findBestCircles" 
"hough_circle" "findBestCircles" 
"hough_circle" "findBestCircles" 
"hough_circle" "findBestCircles" 
"hough_circle" "findBestCircles" 
"hough_circle" "findBestCircles" 
"hough_circle" "findBestCircles" 
"hough_circle" "findBestCircles" 
"pixel.grid" "as.data.frame.cimg" "as.data.frame" "findBestCircles" 
"[.data.frame" "[" "eval" "eval" "%>%" "findBestCircles" 
"mask$resolve" "doTryCatch" "tryCatchOne" "tryCatchList" "tryCatch" "mutate_cols" "mutate.data.frame" "mutate" "transmute.data.frame" "transmute" "doTryCatch" "tryCatchOne" "tryCatchList" "tryCatch" "arrange_rows" "arrange.data.frame" "dplyr::arrange" "function_list[[k]]" "withVisible" "freduce" "_fseq" "eval" "eval" "withVisible" "%>%" "findBestCircles" 
".External2" "exec" "arrange_rows" "arrange.data.frame" "dplyr::arrange" "function_list[[k]]" "withVisible" "freduce" "_fseq" "eval" "eval" "withVisible" "%>%" "findBestCircles" 
"hough_circle" "findBestCircles" 
"hough_circle" "findBestCircles" 
"hough_circle" "findBestCircles" 
"hough_circle" "findBestCircles" 
"hough_circle" "findBestCircles" 
"hough_circle" "findBestCircles" 
"hough_circle" "findBestCircles" 
"hough_circle" "findBestCircles" 
"hough_circle" "findBestCircles" 
"hough_circle" "findBestCircles" 
"hough_circle" "findBestCircles" 
"hough_circle" "findBestCircles" 
"hough_circle" "findBestCircles" 
"hough_circle" "findBestCircles" 
"hough_circle" "findBestCircles" 
"hough_circle" "findBestCircles" 
"hough_circle" "findBestCircles" 
"hough_circle" "findBestCircles" 
"hough_circle" "findBestCircles" 
"hough_circle" "findBestCircles" 
"hough_circle" "findBestCircles" 
"hough_circle" "findBestCircles" 
"hough_circle" "findBestCircles" 
"hough_circle" "findBestCircles" 
"hough_circle" "findBestCircles" 
"hough_circle" "findBestCircles" 
"hough_circle" "findBestCircles" 
"hough_circle" "findBestCircles" 
"hough_circle" "findBestCircles" 
"hough_circle" "findBestCircles" 
"hough_circle" "findBestCircles" 
"hough_circle" "findBestCircles" 
"hough_circle" "findBestCircles" 
"hough_circle" "findBestCircles" 
"hough_circle" "findBestCircles" 
"hough_circle" "findBestCircles" 
"hough_circle" "findBestCircles" 
"hough_circle" "findBestCircles" 
"hough_circle" "findBestCircles" 
"hough_circle" "findBestCircles" 
"hough_circle" "findBestCircles" 
"hough_circle" "findBestCircles" 
"hough_circle" "findBestCircles" 
"hough_circle" "findBestCircles" 
"hough_circle" "findBestCircles" 
"hough_circle" "findBestCircles" 
"hough_circle" "findBestCircles" 
"hough_circle" "findBestCircles" 
"hough_circle" "findBestCircles" 
"hough_circle" "findBestCircles" 
"hough_circle" "findBestCircles" 
"hough_circle" "findBestCircles" 
"hough_circle" "findBestCircles" 
"hough_circle" "findBestCircles" 
"pixel.grid" "as.data.frame.cimg" "as.data.frame" "findBestCircles" 
"[.data.frame" "[" "eval" "eval" "%>%" "findBestCircles" 
".External2" "exec" "arrange_rows" "arrange.data.frame" "dplyr::arrange" "function_list[[k]]" "withVisible" "freduce" "_fseq" "eval" "eval" "withVisible" "%>%" "findBestCircles" 
